ARM GAS  /tmp/ccOTagN4.s 			page 1


   1              		.cpu cortex-m3
   2              		.eabi_attribute 20, 1
   3              		.eabi_attribute 21, 1
   4              		.eabi_attribute 23, 3
   5              		.eabi_attribute 24, 1
   6              		.eabi_attribute 25, 1
   7              		.eabi_attribute 26, 1
   8              		.eabi_attribute 30, 1
   9              		.eabi_attribute 34, 1
  10              		.eabi_attribute 18, 4
  11              		.file	"freertos.c"
  12              		.text
  13              	.Ltext0:
  14              		.cfi_sections	.debug_frame
  15              		.section	.text.vApplicationGetIdleTaskMemory,"ax",%progbits
  16              		.align	1
  17              		.global	vApplicationGetIdleTaskMemory
  18              		.arch armv7-m
  19              		.syntax unified
  20              		.thumb
  21              		.thumb_func
  22              		.fpu softvfp
  24              	vApplicationGetIdleTaskMemory:
  25              	.LVL0:
  26              	.LFB70:
  27              		.file 1 "Src/freertos.c"
   1:Src/freertos.c **** /* USER CODE BEGIN Header */
   2:Src/freertos.c **** /**
   3:Src/freertos.c ****   ******************************************************************************
   4:Src/freertos.c ****   * File Name          : freertos.c
   5:Src/freertos.c ****   * Description        : Code for freertos applications
   6:Src/freertos.c ****   ******************************************************************************
   7:Src/freertos.c ****   * @attention
   8:Src/freertos.c ****   *
   9:Src/freertos.c ****   * <h2><center>&copy; Copyright (c) 2020 STMicroelectronics.
  10:Src/freertos.c ****   * All rights reserved.</center></h2>
  11:Src/freertos.c ****   *
  12:Src/freertos.c ****   * This software component is licensed by ST under Ultimate Liberty license
  13:Src/freertos.c ****   * SLA0044, the "License"; You may not use this file except in compliance with
  14:Src/freertos.c ****   * the License. You may obtain a copy of the License at:
  15:Src/freertos.c ****   *                             www.st.com/SLA0044
  16:Src/freertos.c ****   *
  17:Src/freertos.c ****   ******************************************************************************
  18:Src/freertos.c ****   */
  19:Src/freertos.c **** /* USER CODE END Header */
  20:Src/freertos.c **** 
  21:Src/freertos.c **** /* Includes ------------------------------------------------------------------*/
  22:Src/freertos.c **** #include "FreeRTOS.h"
  23:Src/freertos.c **** #include "task.h"
  24:Src/freertos.c **** #include "main.h"
  25:Src/freertos.c **** 
  26:Src/freertos.c **** /* Private includes ----------------------------------------------------------*/
  27:Src/freertos.c **** /* USER CODE BEGIN Includes */     
  28:Src/freertos.c **** 
  29:Src/freertos.c **** /* USER CODE END Includes */
  30:Src/freertos.c **** 
  31:Src/freertos.c **** /* Private typedef -----------------------------------------------------------*/
ARM GAS  /tmp/ccOTagN4.s 			page 2


  32:Src/freertos.c **** /* USER CODE BEGIN PTD */
  33:Src/freertos.c **** 
  34:Src/freertos.c **** /* USER CODE END PTD */
  35:Src/freertos.c **** 
  36:Src/freertos.c **** /* Private define ------------------------------------------------------------*/
  37:Src/freertos.c **** /* USER CODE BEGIN PD */
  38:Src/freertos.c **** 
  39:Src/freertos.c **** /* USER CODE END PD */
  40:Src/freertos.c **** 
  41:Src/freertos.c **** /* Private macro -------------------------------------------------------------*/
  42:Src/freertos.c **** /* USER CODE BEGIN PM */
  43:Src/freertos.c **** 
  44:Src/freertos.c **** /* USER CODE END PM */
  45:Src/freertos.c **** 
  46:Src/freertos.c **** /* Private variables ---------------------------------------------------------*/
  47:Src/freertos.c **** /* USER CODE BEGIN Variables */
  48:Src/freertos.c **** 
  49:Src/freertos.c **** /* USER CODE END Variables */
  50:Src/freertos.c **** 
  51:Src/freertos.c **** /* Private function prototypes -----------------------------------------------*/
  52:Src/freertos.c **** /* USER CODE BEGIN FunctionPrototypes */
  53:Src/freertos.c ****    
  54:Src/freertos.c **** /* USER CODE END FunctionPrototypes */
  55:Src/freertos.c **** 
  56:Src/freertos.c **** /* GetIdleTaskMemory prototype (linked to static allocation support) */
  57:Src/freertos.c **** void vApplicationGetIdleTaskMemory( StaticTask_t **ppxIdleTaskTCBBuffer, StackType_t **ppxIdleTaskS
  58:Src/freertos.c **** 
  59:Src/freertos.c **** /* USER CODE BEGIN GET_IDLE_TASK_MEMORY */
  60:Src/freertos.c **** static StaticTask_t xIdleTaskTCBBuffer;
  61:Src/freertos.c **** static StackType_t xIdleStack[configMINIMAL_STACK_SIZE];
  62:Src/freertos.c ****   
  63:Src/freertos.c **** void vApplicationGetIdleTaskMemory( StaticTask_t **ppxIdleTaskTCBBuffer, StackType_t **ppxIdleTaskS
  64:Src/freertos.c **** {
  28              		.loc 1 64 1 view -0
  29              		.cfi_startproc
  30              		@ args = 0, pretend = 0, frame = 0
  31              		@ frame_needed = 0, uses_anonymous_args = 0
  32              		@ link register save eliminated.
  65:Src/freertos.c ****   *ppxIdleTaskTCBBuffer = &xIdleTaskTCBBuffer;
  33              		.loc 1 65 3 view .LVU1
  34              		.loc 1 65 25 is_stmt 0 view .LVU2
  35 0000 034B     		ldr	r3, .L2
  36 0002 0360     		str	r3, [r0]
  66:Src/freertos.c ****   *ppxIdleTaskStackBuffer = &xIdleStack[0];
  37              		.loc 1 66 3 is_stmt 1 view .LVU3
  38              		.loc 1 66 27 is_stmt 0 view .LVU4
  39 0004 034B     		ldr	r3, .L2+4
  40 0006 0B60     		str	r3, [r1]
  67:Src/freertos.c ****   *pulIdleTaskStackSize = configMINIMAL_STACK_SIZE;
  41              		.loc 1 67 3 is_stmt 1 view .LVU5
  42              		.loc 1 67 25 is_stmt 0 view .LVU6
  43 0008 8023     		movs	r3, #128
  44 000a 1360     		str	r3, [r2]
  68:Src/freertos.c ****   /* place for user code */
  69:Src/freertos.c **** }                   
  45              		.loc 1 69 1 view .LVU7
  46 000c 7047     		bx	lr
ARM GAS  /tmp/ccOTagN4.s 			page 3


  47              	.L3:
  48 000e 00BF     		.align	2
  49              	.L2:
  50 0010 00000000 		.word	.LANCHOR0
  51 0014 00000000 		.word	.LANCHOR1
  52              		.cfi_endproc
  53              	.LFE70:
  55              		.section	.bss.xIdleStack,"aw",%nobits
  56              		.align	2
  57              		.set	.LANCHOR1,. + 0
  60              	xIdleStack:
  61 0000 00000000 		.space	512
  61      00000000 
  61      00000000 
  61      00000000 
  61      00000000 
  62              		.section	.bss.xIdleTaskTCBBuffer,"aw",%nobits
  63              		.align	2
  64              		.set	.LANCHOR0,. + 0
  67              	xIdleTaskTCBBuffer:
  68 0000 00000000 		.space	84
  68      00000000 
  68      00000000 
  68      00000000 
  68      00000000 
  69              		.text
  70              	.Letext0:
  71              		.file 2 "/opt/arm-none-eabi/gcc-arm-none-eabi-9-2019-q4-major/arm-none-eabi/include/machine/_defau
  72              		.file 3 "/opt/arm-none-eabi/gcc-arm-none-eabi-9-2019-q4-major/arm-none-eabi/include/sys/_stdint.h"
  73              		.file 4 "Middlewares/Third_Party/FreeRTOS/Source/portable/GCC/ARM_CM3/portmacro.h"
  74              		.file 5 "Middlewares/Third_Party/FreeRTOS/Source/include/FreeRTOS.h"
  75              		.file 6 "Inc/FreeRTOSConfig.h"
  76              		.file 7 "Drivers/CMSIS/Include/core_cm3.h"
  77              		.file 8 "Drivers/CMSIS/Device/ST/STM32F1xx/Include/system_stm32f1xx.h"
  78              		.file 9 "Drivers/STM32F1xx_HAL_Driver/Inc/stm32f1xx_hal.h"
ARM GAS  /tmp/ccOTagN4.s 			page 4


DEFINED SYMBOLS
                            *ABS*:0000000000000000 freertos.c
     /tmp/ccOTagN4.s:16     .text.vApplicationGetIdleTaskMemory:0000000000000000 $t
     /tmp/ccOTagN4.s:24     .text.vApplicationGetIdleTaskMemory:0000000000000000 vApplicationGetIdleTaskMemory
     /tmp/ccOTagN4.s:50     .text.vApplicationGetIdleTaskMemory:0000000000000010 $d
     /tmp/ccOTagN4.s:56     .bss.xIdleStack:0000000000000000 $d
     /tmp/ccOTagN4.s:60     .bss.xIdleStack:0000000000000000 xIdleStack
     /tmp/ccOTagN4.s:63     .bss.xIdleTaskTCBBuffer:0000000000000000 $d
     /tmp/ccOTagN4.s:67     .bss.xIdleTaskTCBBuffer:0000000000000000 xIdleTaskTCBBuffer

NO UNDEFINED SYMBOLS
