ARM GAS  /tmp/ccHKTSxm.s 			page 1


   1              		.cpu cortex-m3
   2              		.eabi_attribute 20, 1
   3              		.eabi_attribute 21, 1
   4              		.eabi_attribute 23, 3
   5              		.eabi_attribute 24, 1
   6              		.eabi_attribute 25, 1
   7              		.eabi_attribute 26, 1
   8              		.eabi_attribute 30, 1
   9              		.eabi_attribute 34, 1
  10              		.eabi_attribute 18, 4
  11              		.file	"stm32f1xx_it.c"
  12              		.text
  13              	.Ltext0:
  14              		.cfi_sections	.debug_frame
  15              		.section	.text.NMI_Handler,"ax",%progbits
  16              		.align	1
  17              		.global	NMI_Handler
  18              		.arch armv7-m
  19              		.syntax unified
  20              		.thumb
  21              		.thumb_func
  22              		.fpu softvfp
  24              	NMI_Handler:
  25              	.LFB70:
  26              		.file 1 "Src/stm32f1xx_it.c"
   1:Src/stm32f1xx_it.c **** /* USER CODE BEGIN Header */
   2:Src/stm32f1xx_it.c **** /**
   3:Src/stm32f1xx_it.c ****   ******************************************************************************
   4:Src/stm32f1xx_it.c ****   * @file    stm32f1xx_it.c
   5:Src/stm32f1xx_it.c ****   * @brief   Interrupt Service Routines.
   6:Src/stm32f1xx_it.c ****   ******************************************************************************
   7:Src/stm32f1xx_it.c ****   * @attention
   8:Src/stm32f1xx_it.c ****   *
   9:Src/stm32f1xx_it.c ****   * <h2><center>&copy; Copyright (c) 2020 STMicroelectronics.
  10:Src/stm32f1xx_it.c ****   * All rights reserved.</center></h2>
  11:Src/stm32f1xx_it.c ****   *
  12:Src/stm32f1xx_it.c ****   * This software component is licensed by ST under Ultimate Liberty license
  13:Src/stm32f1xx_it.c ****   * SLA0044, the "License"; You may not use this file except in compliance with
  14:Src/stm32f1xx_it.c ****   * the License. You may obtain a copy of the License at:
  15:Src/stm32f1xx_it.c ****   *                             www.st.com/SLA0044
  16:Src/stm32f1xx_it.c ****   *
  17:Src/stm32f1xx_it.c ****   ******************************************************************************
  18:Src/stm32f1xx_it.c ****   */
  19:Src/stm32f1xx_it.c **** /* USER CODE END Header */
  20:Src/stm32f1xx_it.c **** 
  21:Src/stm32f1xx_it.c **** /* Includes ------------------------------------------------------------------*/
  22:Src/stm32f1xx_it.c **** #include "main.h"
  23:Src/stm32f1xx_it.c **** #include "stm32f1xx_it.h"
  24:Src/stm32f1xx_it.c **** #include "FreeRTOS.h"
  25:Src/stm32f1xx_it.c **** #include "task.h"
  26:Src/stm32f1xx_it.c **** /* Private includes ----------------------------------------------------------*/
  27:Src/stm32f1xx_it.c **** /* USER CODE BEGIN Includes */
  28:Src/stm32f1xx_it.c **** /* USER CODE END Includes */
  29:Src/stm32f1xx_it.c **** 
  30:Src/stm32f1xx_it.c **** /* Private typedef -----------------------------------------------------------*/
  31:Src/stm32f1xx_it.c **** /* USER CODE BEGIN TD */
  32:Src/stm32f1xx_it.c **** 
ARM GAS  /tmp/ccHKTSxm.s 			page 2


  33:Src/stm32f1xx_it.c **** /* USER CODE END TD */
  34:Src/stm32f1xx_it.c **** 
  35:Src/stm32f1xx_it.c **** /* Private define ------------------------------------------------------------*/
  36:Src/stm32f1xx_it.c **** /* USER CODE BEGIN PD */
  37:Src/stm32f1xx_it.c ****  
  38:Src/stm32f1xx_it.c **** /* USER CODE END PD */
  39:Src/stm32f1xx_it.c **** 
  40:Src/stm32f1xx_it.c **** /* Private macro -------------------------------------------------------------*/
  41:Src/stm32f1xx_it.c **** /* USER CODE BEGIN PM */
  42:Src/stm32f1xx_it.c **** 
  43:Src/stm32f1xx_it.c **** /* USER CODE END PM */
  44:Src/stm32f1xx_it.c **** 
  45:Src/stm32f1xx_it.c **** /* Private variables ---------------------------------------------------------*/
  46:Src/stm32f1xx_it.c **** /* USER CODE BEGIN PV */
  47:Src/stm32f1xx_it.c **** 
  48:Src/stm32f1xx_it.c **** /* USER CODE END PV */
  49:Src/stm32f1xx_it.c **** 
  50:Src/stm32f1xx_it.c **** /* Private function prototypes -----------------------------------------------*/
  51:Src/stm32f1xx_it.c **** /* USER CODE BEGIN PFP */
  52:Src/stm32f1xx_it.c **** 
  53:Src/stm32f1xx_it.c **** /* USER CODE END PFP */
  54:Src/stm32f1xx_it.c **** 
  55:Src/stm32f1xx_it.c **** /* Private user code ---------------------------------------------------------*/
  56:Src/stm32f1xx_it.c **** /* USER CODE BEGIN 0 */
  57:Src/stm32f1xx_it.c **** 
  58:Src/stm32f1xx_it.c **** /* USER CODE END 0 */
  59:Src/stm32f1xx_it.c **** 
  60:Src/stm32f1xx_it.c **** /* External variables --------------------------------------------------------*/
  61:Src/stm32f1xx_it.c **** 
  62:Src/stm32f1xx_it.c **** /* USER CODE BEGIN EV */
  63:Src/stm32f1xx_it.c **** 
  64:Src/stm32f1xx_it.c **** /* USER CODE END EV */
  65:Src/stm32f1xx_it.c **** 
  66:Src/stm32f1xx_it.c **** /******************************************************************************/
  67:Src/stm32f1xx_it.c **** /*           Cortex-M3 Processor Interruption and Exception Handlers          */ 
  68:Src/stm32f1xx_it.c **** /******************************************************************************/
  69:Src/stm32f1xx_it.c **** /**
  70:Src/stm32f1xx_it.c ****   * @brief This function handles Non maskable interrupt.
  71:Src/stm32f1xx_it.c ****   */
  72:Src/stm32f1xx_it.c **** void NMI_Handler(void)
  73:Src/stm32f1xx_it.c **** {
  27              		.loc 1 73 1 view -0
  28              		.cfi_startproc
  29              		@ args = 0, pretend = 0, frame = 0
  30              		@ frame_needed = 0, uses_anonymous_args = 0
  31              		@ link register save eliminated.
  74:Src/stm32f1xx_it.c ****   /* USER CODE BEGIN NonMaskableInt_IRQn 0 */
  75:Src/stm32f1xx_it.c **** 
  76:Src/stm32f1xx_it.c ****   /* USER CODE END NonMaskableInt_IRQn 0 */
  77:Src/stm32f1xx_it.c ****   /* USER CODE BEGIN NonMaskableInt_IRQn 1 */
  78:Src/stm32f1xx_it.c **** 
  79:Src/stm32f1xx_it.c ****   /* USER CODE END NonMaskableInt_IRQn 1 */
  80:Src/stm32f1xx_it.c **** }
  32              		.loc 1 80 1 view .LVU1
  33 0000 7047     		bx	lr
  34              		.cfi_endproc
  35              	.LFE70:
ARM GAS  /tmp/ccHKTSxm.s 			page 3


  37              		.section	.text.HardFault_Handler,"ax",%progbits
  38              		.align	1
  39              		.global	HardFault_Handler
  40              		.syntax unified
  41              		.thumb
  42              		.thumb_func
  43              		.fpu softvfp
  45              	HardFault_Handler:
  46              	.LFB71:
  81:Src/stm32f1xx_it.c **** 
  82:Src/stm32f1xx_it.c **** /**
  83:Src/stm32f1xx_it.c ****   * @brief This function handles Hard fault interrupt.
  84:Src/stm32f1xx_it.c ****   */
  85:Src/stm32f1xx_it.c **** void HardFault_Handler(void)
  86:Src/stm32f1xx_it.c **** {
  47              		.loc 1 86 1 view -0
  48              		.cfi_startproc
  49              		@ Volatile: function does not return.
  50              		@ args = 0, pretend = 0, frame = 0
  51              		@ frame_needed = 0, uses_anonymous_args = 0
  52              		@ link register save eliminated.
  53              	.L3:
  87:Src/stm32f1xx_it.c ****   /* USER CODE BEGIN HardFault_IRQn 0 */
  88:Src/stm32f1xx_it.c **** 
  89:Src/stm32f1xx_it.c ****   /* USER CODE END HardFault_IRQn 0 */
  90:Src/stm32f1xx_it.c ****   while (1)
  54              		.loc 1 90 3 discriminator 1 view .LVU3
  91:Src/stm32f1xx_it.c ****   {
  92:Src/stm32f1xx_it.c ****     /* USER CODE BEGIN W1_HardFault_IRQn 0 */
  93:Src/stm32f1xx_it.c ****     /* USER CODE END W1_HardFault_IRQn 0 */
  94:Src/stm32f1xx_it.c ****   }
  55              		.loc 1 94 3 discriminator 1 view .LVU4
  90:Src/stm32f1xx_it.c ****   {
  56              		.loc 1 90 9 discriminator 1 view .LVU5
  57 0000 FEE7     		b	.L3
  58              		.cfi_endproc
  59              	.LFE71:
  61              		.section	.text.MemManage_Handler,"ax",%progbits
  62              		.align	1
  63              		.global	MemManage_Handler
  64              		.syntax unified
  65              		.thumb
  66              		.thumb_func
  67              		.fpu softvfp
  69              	MemManage_Handler:
  70              	.LFB72:
  95:Src/stm32f1xx_it.c **** }
  96:Src/stm32f1xx_it.c **** 
  97:Src/stm32f1xx_it.c **** /**
  98:Src/stm32f1xx_it.c ****   * @brief This function handles Memory management fault.
  99:Src/stm32f1xx_it.c ****   */
 100:Src/stm32f1xx_it.c **** void MemManage_Handler(void)
 101:Src/stm32f1xx_it.c **** {
  71              		.loc 1 101 1 view -0
  72              		.cfi_startproc
  73              		@ Volatile: function does not return.
  74              		@ args = 0, pretend = 0, frame = 0
ARM GAS  /tmp/ccHKTSxm.s 			page 4


  75              		@ frame_needed = 0, uses_anonymous_args = 0
  76              		@ link register save eliminated.
  77              	.L5:
 102:Src/stm32f1xx_it.c ****   /* USER CODE BEGIN MemoryManagement_IRQn 0 */
 103:Src/stm32f1xx_it.c **** 
 104:Src/stm32f1xx_it.c ****   /* USER CODE END MemoryManagement_IRQn 0 */
 105:Src/stm32f1xx_it.c ****   while (1)
  78              		.loc 1 105 3 discriminator 1 view .LVU7
 106:Src/stm32f1xx_it.c ****   {
 107:Src/stm32f1xx_it.c ****     /* USER CODE BEGIN W1_MemoryManagement_IRQn 0 */
 108:Src/stm32f1xx_it.c ****     /* USER CODE END W1_MemoryManagement_IRQn 0 */
 109:Src/stm32f1xx_it.c ****   }
  79              		.loc 1 109 3 discriminator 1 view .LVU8
 105:Src/stm32f1xx_it.c ****   {
  80              		.loc 1 105 9 discriminator 1 view .LVU9
  81 0000 FEE7     		b	.L5
  82              		.cfi_endproc
  83              	.LFE72:
  85              		.section	.text.BusFault_Handler,"ax",%progbits
  86              		.align	1
  87              		.global	BusFault_Handler
  88              		.syntax unified
  89              		.thumb
  90              		.thumb_func
  91              		.fpu softvfp
  93              	BusFault_Handler:
  94              	.LFB73:
 110:Src/stm32f1xx_it.c **** }
 111:Src/stm32f1xx_it.c **** 
 112:Src/stm32f1xx_it.c **** /**
 113:Src/stm32f1xx_it.c ****   * @brief This function handles Prefetch fault, memory access fault.
 114:Src/stm32f1xx_it.c ****   */
 115:Src/stm32f1xx_it.c **** void BusFault_Handler(void)
 116:Src/stm32f1xx_it.c **** {
  95              		.loc 1 116 1 view -0
  96              		.cfi_startproc
  97              		@ Volatile: function does not return.
  98              		@ args = 0, pretend = 0, frame = 0
  99              		@ frame_needed = 0, uses_anonymous_args = 0
 100              		@ link register save eliminated.
 101              	.L7:
 117:Src/stm32f1xx_it.c ****   /* USER CODE BEGIN BusFault_IRQn 0 */
 118:Src/stm32f1xx_it.c **** 
 119:Src/stm32f1xx_it.c ****   /* USER CODE END BusFault_IRQn 0 */
 120:Src/stm32f1xx_it.c ****   while (1)
 102              		.loc 1 120 3 discriminator 1 view .LVU11
 121:Src/stm32f1xx_it.c ****   {
 122:Src/stm32f1xx_it.c ****     /* USER CODE BEGIN W1_BusFault_IRQn 0 */
 123:Src/stm32f1xx_it.c ****     /* USER CODE END W1_BusFault_IRQn 0 */
 124:Src/stm32f1xx_it.c ****   }
 103              		.loc 1 124 3 discriminator 1 view .LVU12
 120:Src/stm32f1xx_it.c ****   {
 104              		.loc 1 120 9 discriminator 1 view .LVU13
 105 0000 FEE7     		b	.L7
 106              		.cfi_endproc
 107              	.LFE73:
 109              		.section	.text.UsageFault_Handler,"ax",%progbits
ARM GAS  /tmp/ccHKTSxm.s 			page 5


 110              		.align	1
 111              		.global	UsageFault_Handler
 112              		.syntax unified
 113              		.thumb
 114              		.thumb_func
 115              		.fpu softvfp
 117              	UsageFault_Handler:
 118              	.LFB74:
 125:Src/stm32f1xx_it.c **** }
 126:Src/stm32f1xx_it.c **** 
 127:Src/stm32f1xx_it.c **** /**
 128:Src/stm32f1xx_it.c ****   * @brief This function handles Undefined instruction or illegal state.
 129:Src/stm32f1xx_it.c ****   */
 130:Src/stm32f1xx_it.c **** void UsageFault_Handler(void)
 131:Src/stm32f1xx_it.c **** {
 119              		.loc 1 131 1 view -0
 120              		.cfi_startproc
 121              		@ Volatile: function does not return.
 122              		@ args = 0, pretend = 0, frame = 0
 123              		@ frame_needed = 0, uses_anonymous_args = 0
 124              		@ link register save eliminated.
 125              	.L9:
 132:Src/stm32f1xx_it.c ****   /* USER CODE BEGIN UsageFault_IRQn 0 */
 133:Src/stm32f1xx_it.c **** 
 134:Src/stm32f1xx_it.c ****   /* USER CODE END UsageFault_IRQn 0 */
 135:Src/stm32f1xx_it.c ****   while (1)
 126              		.loc 1 135 3 discriminator 1 view .LVU15
 136:Src/stm32f1xx_it.c ****   {
 137:Src/stm32f1xx_it.c ****     /* USER CODE BEGIN W1_UsageFault_IRQn 0 */
 138:Src/stm32f1xx_it.c ****     /* USER CODE END W1_UsageFault_IRQn 0 */
 139:Src/stm32f1xx_it.c ****   }
 127              		.loc 1 139 3 discriminator 1 view .LVU16
 135:Src/stm32f1xx_it.c ****   {
 128              		.loc 1 135 9 discriminator 1 view .LVU17
 129 0000 FEE7     		b	.L9
 130              		.cfi_endproc
 131              	.LFE74:
 133              		.section	.text.DebugMon_Handler,"ax",%progbits
 134              		.align	1
 135              		.global	DebugMon_Handler
 136              		.syntax unified
 137              		.thumb
 138              		.thumb_func
 139              		.fpu softvfp
 141              	DebugMon_Handler:
 142              	.LFB75:
 140:Src/stm32f1xx_it.c **** }
 141:Src/stm32f1xx_it.c **** 
 142:Src/stm32f1xx_it.c **** /**
 143:Src/stm32f1xx_it.c ****   * @brief This function handles Debug monitor.
 144:Src/stm32f1xx_it.c ****   */
 145:Src/stm32f1xx_it.c **** void DebugMon_Handler(void)
 146:Src/stm32f1xx_it.c **** {
 143              		.loc 1 146 1 view -0
 144              		.cfi_startproc
 145              		@ args = 0, pretend = 0, frame = 0
 146              		@ frame_needed = 0, uses_anonymous_args = 0
ARM GAS  /tmp/ccHKTSxm.s 			page 6


 147              		@ link register save eliminated.
 147:Src/stm32f1xx_it.c ****   /* USER CODE BEGIN DebugMonitor_IRQn 0 */
 148:Src/stm32f1xx_it.c **** 
 149:Src/stm32f1xx_it.c ****   /* USER CODE END DebugMonitor_IRQn 0 */
 150:Src/stm32f1xx_it.c ****   /* USER CODE BEGIN DebugMonitor_IRQn 1 */
 151:Src/stm32f1xx_it.c **** 
 152:Src/stm32f1xx_it.c ****   /* USER CODE END DebugMonitor_IRQn 1 */
 153:Src/stm32f1xx_it.c **** }
 148              		.loc 1 153 1 view .LVU19
 149 0000 7047     		bx	lr
 150              		.cfi_endproc
 151              	.LFE75:
 153              		.section	.text.SysTick_Handler,"ax",%progbits
 154              		.align	1
 155              		.global	SysTick_Handler
 156              		.syntax unified
 157              		.thumb
 158              		.thumb_func
 159              		.fpu softvfp
 161              	SysTick_Handler:
 162              	.LFB76:
 154:Src/stm32f1xx_it.c **** 
 155:Src/stm32f1xx_it.c **** /**
 156:Src/stm32f1xx_it.c ****   * @brief This function handles System tick timer.
 157:Src/stm32f1xx_it.c ****   */
 158:Src/stm32f1xx_it.c **** void SysTick_Handler(void)
 159:Src/stm32f1xx_it.c **** {
 163              		.loc 1 159 1 view -0
 164              		.cfi_startproc
 165              		@ args = 0, pretend = 0, frame = 0
 166              		@ frame_needed = 0, uses_anonymous_args = 0
 167 0000 08B5     		push	{r3, lr}
 168              	.LCFI0:
 169              		.cfi_def_cfa_offset 8
 170              		.cfi_offset 3, -8
 171              		.cfi_offset 14, -4
 160:Src/stm32f1xx_it.c ****   /* USER CODE BEGIN SysTick_IRQn 0 */
 161:Src/stm32f1xx_it.c **** 
 162:Src/stm32f1xx_it.c ****   /* USER CODE END SysTick_IRQn 0 */
 163:Src/stm32f1xx_it.c ****   HAL_IncTick();
 172              		.loc 1 163 3 view .LVU21
 173 0002 FFF7FEFF 		bl	HAL_IncTick
 174              	.LVL0:
 164:Src/stm32f1xx_it.c **** #if (INCLUDE_xTaskGetSchedulerState == 1 )
 165:Src/stm32f1xx_it.c ****   if (xTaskGetSchedulerState() != taskSCHEDULER_NOT_STARTED)
 175              		.loc 1 165 3 view .LVU22
 176              		.loc 1 165 7 is_stmt 0 view .LVU23
 177 0006 FFF7FEFF 		bl	xTaskGetSchedulerState
 178              	.LVL1:
 179              		.loc 1 165 6 view .LVU24
 180 000a 0128     		cmp	r0, #1
 181 000c 00D1     		bne	.L14
 182              	.L11:
 166:Src/stm32f1xx_it.c ****   {
 167:Src/stm32f1xx_it.c **** #endif /* INCLUDE_xTaskGetSchedulerState */
 168:Src/stm32f1xx_it.c ****   xPortSysTickHandler();
 169:Src/stm32f1xx_it.c **** #if (INCLUDE_xTaskGetSchedulerState == 1 )
ARM GAS  /tmp/ccHKTSxm.s 			page 7


 170:Src/stm32f1xx_it.c ****   }
 171:Src/stm32f1xx_it.c **** #endif /* INCLUDE_xTaskGetSchedulerState */
 172:Src/stm32f1xx_it.c ****   /* USER CODE BEGIN SysTick_IRQn 1 */
 173:Src/stm32f1xx_it.c **** 
 174:Src/stm32f1xx_it.c ****   /* USER CODE END SysTick_IRQn 1 */
 175:Src/stm32f1xx_it.c **** }
 183              		.loc 1 175 1 view .LVU25
 184 000e 08BD     		pop	{r3, pc}
 185              	.L14:
 168:Src/stm32f1xx_it.c **** #if (INCLUDE_xTaskGetSchedulerState == 1 )
 186              		.loc 1 168 3 is_stmt 1 view .LVU26
 187 0010 FFF7FEFF 		bl	xPortSysTickHandler
 188              	.LVL2:
 189              		.loc 1 175 1 is_stmt 0 view .LVU27
 190 0014 FBE7     		b	.L11
 191              		.cfi_endproc
 192              	.LFE76:
 194              		.text
 195              	.Letext0:
 196              		.file 2 "/opt/arm-none-eabi/gcc-arm-none-eabi-9-2019-q4-major/arm-none-eabi/include/machine/_defau
 197              		.file 3 "/opt/arm-none-eabi/gcc-arm-none-eabi-9-2019-q4-major/arm-none-eabi/include/sys/_stdint.h"
 198              		.file 4 "Drivers/CMSIS/Include/core_cm3.h"
 199              		.file 5 "Drivers/CMSIS/Device/ST/STM32F1xx/Include/system_stm32f1xx.h"
 200              		.file 6 "Drivers/STM32F1xx_HAL_Driver/Inc/stm32f1xx_hal.h"
 201              		.file 7 "Middlewares/Third_Party/FreeRTOS/Source/portable/GCC/ARM_CM3/portmacro.h"
 202              		.file 8 "Middlewares/Third_Party/FreeRTOS/Source/include/task.h"
 203              		.file 9 "Inc/FreeRTOSConfig.h"
ARM GAS  /tmp/ccHKTSxm.s 			page 8


DEFINED SYMBOLS
                            *ABS*:0000000000000000 stm32f1xx_it.c
     /tmp/ccHKTSxm.s:16     .text.NMI_Handler:0000000000000000 $t
     /tmp/ccHKTSxm.s:24     .text.NMI_Handler:0000000000000000 NMI_Handler
     /tmp/ccHKTSxm.s:38     .text.HardFault_Handler:0000000000000000 $t
     /tmp/ccHKTSxm.s:45     .text.HardFault_Handler:0000000000000000 HardFault_Handler
     /tmp/ccHKTSxm.s:62     .text.MemManage_Handler:0000000000000000 $t
     /tmp/ccHKTSxm.s:69     .text.MemManage_Handler:0000000000000000 MemManage_Handler
     /tmp/ccHKTSxm.s:86     .text.BusFault_Handler:0000000000000000 $t
     /tmp/ccHKTSxm.s:93     .text.BusFault_Handler:0000000000000000 BusFault_Handler
     /tmp/ccHKTSxm.s:110    .text.UsageFault_Handler:0000000000000000 $t
     /tmp/ccHKTSxm.s:117    .text.UsageFault_Handler:0000000000000000 UsageFault_Handler
     /tmp/ccHKTSxm.s:134    .text.DebugMon_Handler:0000000000000000 $t
     /tmp/ccHKTSxm.s:141    .text.DebugMon_Handler:0000000000000000 DebugMon_Handler
     /tmp/ccHKTSxm.s:154    .text.SysTick_Handler:0000000000000000 $t
     /tmp/ccHKTSxm.s:161    .text.SysTick_Handler:0000000000000000 SysTick_Handler

UNDEFINED SYMBOLS
HAL_IncTick
xTaskGetSchedulerState
xPortSysTickHandler
